<?xml version="1.0" encoding="UTF-8"?>
<testsuite name="TestFichaYHerencia" tests="3" skipped="0" failures="0" errors="0" timestamp="2022-03-03T15:31:13" hostname="RO-PC" time="0.019">
  <properties/>
  <testcase name="Getters Dvd" classname="TestFichaYHerencia" time="0.015"/>
  <testcase name="Getters Revista" classname="TestFichaYHerencia" time="0.002"/>
  <testcase name="Getters Libro" classname="TestFichaYHerencia" time="0.001"/>
  <system-out><![CDATA[]]></system-out>
  <system-err><![CDATA[]]></system-err>
</testsuite>
